<?xml version="1.0" encoding="UTF-8"?>
<!-- Generated by org.testng.reporters.JUnitXMLReporter -->
<testsuite hostname="Macbooks-MacBook-Pro-3.local" name="com.bankguru.login" tests="2" failures="0" timestamp="8 Jul 2018 11:39:33 GMT" time="0.033" errors="0">
  <testcase name="@BeforeClass beforeClass" time="0.0" classname="com.bankguru.login.Login_01_CreateAccount">
    <failure type="java.lang.Error" message="Unresolved compilation problem: 
	FirefoxDriver cannot be resolved to a type
">
      <![CDATA[java.lang.Error: Unresolved compilation problem: 
	FirefoxDriver cannot be resolved to a type

	at com.bankguru.login.Login_01_CreateAccount.beforeClass(Login_01_CreateAccount.java:19)
... Removed 24 stack frames]]>
    </failure>
  </testcase> <!-- @BeforeClass beforeClass -->
  <testcase name="@AfterClass afterClass" time="0.0" classname="com.bankguru.login.Login_01_CreateAccount">
    <skipped/>
  </testcase> <!-- @AfterClass afterClass -->
  <testcase name="TC01_CreateAccount" time="0.001" classname="com.bankguru.login.Login_01_CreateAccount">
    <skipped/>
  </testcase> <!-- TC01_CreateAccount -->
  <testcase name="TC02_LoginWithAboveInfo" time="0.001" classname="com.bankguru.login.Login_01_CreateAccount">
    <skipped/>
  </testcase> <!-- TC02_LoginWithAboveInfo -->
</testsuite> <!-- com.bankguru.login -->
