<?xml version="1.0" encoding="UTF-8"?>
<testng-results skipped="2" failed="0" total="2" passed="0">
  <reporter-output>
  </reporter-output>
  <suite name="Bank Guru" duration-ms="33" started-at="2018-07-08T11:39:33Z" finished-at="2018-07-08T11:39:33Z">
    <groups>
    </groups>
    <test name="com.bankguru.login" duration-ms="33" started-at="2018-07-08T11:39:33Z" finished-at="2018-07-08T11:39:33Z">
      <class name="com.bankguru.login.Login_01_CreateAccount">
        <test-method status="FAIL" signature="beforeClass()[pri:0, instance:com.bankguru.login.Login_01_CreateAccount@5f150435]" name="beforeClass" is-config="true" duration-ms="0" started-at="2018-07-08T18:39:33Z" finished-at="2018-07-08T18:39:33Z">
          <exception class="java.lang.Error">
            <message>
              <![CDATA[Unresolved compilation problem: 
	FirefoxDriver cannot be resolved to a type
]]>
            </message>
            <full-stacktrace>
              <![CDATA[java.lang.Error: Unresolved compilation problem: 
	FirefoxDriver cannot be resolved to a type

	at com.bankguru.login.Login_01_CreateAccount.beforeClass(Login_01_CreateAccount.java:19)
	at sun.reflect.NativeMethodAccessorImpl.invoke0(Native Method)
	at sun.reflect.NativeMethodAccessorImpl.invoke(NativeMethodAccessorImpl.java:62)
	at sun.reflect.DelegatingMethodAccessorImpl.invoke(DelegatingMethodAccessorImpl.java:43)
	at java.lang.reflect.Method.invoke(Method.java:498)
	at org.testng.internal.MethodInvocationHelper.invokeMethod(MethodInvocationHelper.java:85)
	at org.testng.internal.Invoker.invokeConfigurationMethod(Invoker.java:510)
	at org.testng.internal.Invoker.invokeConfigurations(Invoker.java:211)
	at org.testng.internal.Invoker.invokeConfigurations(Invoker.java:138)
	at org.testng.internal.TestMethodWorker.invokeBeforeClassMethods(TestMethodWorker.java:170)
	at org.testng.internal.TestMethodWorker.run(TestMethodWorker.java:104)
	at org.testng.TestRunner.privateRun(TestRunner.java:774)
	at org.testng.TestRunner.run(TestRunner.java:624)
	at org.testng.SuiteRunner.runTest(SuiteRunner.java:359)
	at org.testng.SuiteRunner.runSequentially(SuiteRunner.java:354)
	at org.testng.SuiteRunner.privateRun(SuiteRunner.java:312)
	at org.testng.SuiteRunner.run(SuiteRunner.java:261)
	at org.testng.SuiteRunnerWorker.runSuite(SuiteRunnerWorker.java:52)
	at org.testng.SuiteRunnerWorker.run(SuiteRunnerWorker.java:86)
	at org.testng.TestNG.runSuitesSequentially(TestNG.java:1215)
	at org.testng.TestNG.runSuitesLocally(TestNG.java:1140)
	at org.testng.TestNG.run(TestNG.java:1048)
	at org.testng.remote.RemoteTestNG.run(RemoteTestNG.java:112)
	at org.testng.remote.RemoteTestNG.initAndRun(RemoteTestNG.java:205)
	at org.testng.remote.RemoteTestNG.main(RemoteTestNG.java:176)
]]>
            </full-stacktrace>
          </exception> <!-- java.lang.Error -->
          <reporter-output>
          </reporter-output>
        </test-method> <!-- beforeClass -->
        <test-method status="SKIP" signature="TC01_CreateAccount()[pri:0, instance:com.bankguru.login.Login_01_CreateAccount@5f150435]" name="TC01_CreateAccount" duration-ms="1" started-at="2018-07-08T18:39:33Z" finished-at="2018-07-08T18:39:33Z">
          <reporter-output>
          </reporter-output>
        </test-method> <!-- TC01_CreateAccount -->
        <test-method status="SKIP" signature="TC02_LoginWithAboveInfo()[pri:0, instance:com.bankguru.login.Login_01_CreateAccount@5f150435]" name="TC02_LoginWithAboveInfo" duration-ms="1" started-at="2018-07-08T18:39:33Z" finished-at="2018-07-08T18:39:33Z">
          <reporter-output>
          </reporter-output>
        </test-method> <!-- TC02_LoginWithAboveInfo -->
        <test-method status="SKIP" signature="afterClass()[pri:0, instance:com.bankguru.login.Login_01_CreateAccount@5f150435]" name="afterClass" is-config="true" duration-ms="0" started-at="2018-07-08T18:39:33Z" finished-at="2018-07-08T18:39:33Z">
          <reporter-output>
          </reporter-output>
        </test-method> <!-- afterClass -->
      </class> <!-- com.bankguru.login.Login_01_CreateAccount -->
    </test> <!-- com.bankguru.login -->
  </suite> <!-- Bank Guru -->
</testng-results>
